INFO:root:Calling spam
INFO:root:Calling ham
INFO:root:Calling spam
INFO:root:Calling spam
INFO:root:Calling ham
root INFO 07/13/23:11:29:37 Calling spam
root INFO 07/13/23:11:29:37 Calling ham
root INFO 07/13/23:11:29:37 Calling spam
root INFO 07/13/23:11:29:37 Calling spam
root INFO 07/13/23:11:29:37 Calling ham
root INFO 07/13/23:11:29:41 Calling spam
root INFO 07/13/23:11:29:41 Calling ham
root INFO 07/13/23:11:29:41 Calling spam
root INFO 07/13/23:11:29:41 Calling spam
root INFO 07/13/23:11:29:41 Calling ham
root INFO 07/13/23:11:29:42 Calling spam
root INFO 07/13/23:11:29:42 Calling ham
root INFO 07/13/23:11:29:42 Calling spam
root INFO 07/13/23:11:29:42 Calling spam
root INFO 07/13/23:11:29:42 Calling ham
root INFO 07/13/23-11:30:09 Calling spam
root INFO 07/13/23-11:30:09 Calling ham
root INFO 07/13/23-11:30:09 Calling spam
root INFO 07/13/23-11:30:09 Calling spam
root INFO 07/13/23-11:30:09 Calling ham
root INFO 07/13/23-11:30:10 Calling spam
root INFO 07/13/23-11:30:10 Calling ham
root INFO 07/13/23-11:30:10 Calling spam
root INFO 07/13/23-11:30:10 Calling spam
root INFO 07/13/23-11:30:10 Calling ham
root INFO 07/13/23-11:34:03 Calling spam
root INFO 07/13/23-11:34:03 Calling ham
root INFO 07/13/23-11:34:03 Calling spam
root INFO 07/13/23-11:34:03 Calling spam
root INFO 07/13/23-11:34:03 Calling ham
root INFO 07/13/23-11:34:03 Calling spam
root INFO 07/13/23-11:38:02 Calling spam
root INFO 07/13/23-11:38:02 Calling ham
root INFO 07/13/23-11:38:02 Calling spam
root INFO 07/13/23-11:38:02 Calling spam
root INFO 07/13/23-11:38:02 Calling ham
root INFO 07/13/23-11:38:02 Calling spam
root INFO 07/13/23-11:39:51 Calling spam
root INFO 07/13/23-11:39:51 Calling ham
root INFO 07/13/23-11:39:51 Calling spam
root INFO 07/13/23-11:39:51 Calling spam
root INFO 07/13/23-11:39:51 Calling ham
root INFO 07/13/23-11:39:51 Calling spam
root INFO 07/13/23-11:41:07 Calling spam
root INFO 07/13/23-11:41:07 Calling ham
root INFO 07/13/23-11:41:07 Calling spam
root INFO 07/13/23-11:41:07 Calling spam
root INFO 07/13/23-11:41:07 Calling ham
root INFO 07/13/23-11:41:07 Calling spam
root INFO 07/13/23-11:41:07 Calling spam
root INFO 07/13/23-11:42:07 Calling spam
root INFO 07/13/23-11:42:07 Calling ham
root INFO 07/13/23-11:42:07 Calling spam
root INFO 07/13/23-11:42:07 Calling spam
root INFO 07/13/23-11:42:07 Calling ham
root INFO 07/13/23-11:42:07 Calling spam
root INFO 07/13/23-11:42:07 Calling spam
root INFO 07/13/23-11:42:30 Calling spam
root INFO 07/13/23-11:42:30 Calling ham
root INFO 07/13/23-11:42:30 Calling spam
root INFO 07/13/23-11:42:30 Calling spam
root INFO 07/13/23-11:42:30 Calling ham
root INFO 07/13/23-11:42:30 Calling spam
root INFO 07/13/23-11:42:30 Calling spam
root INFO 07/13/23-11:42:30 Calling pancakes
